2024-11-11 11:47:07,920 - cent.eigen_cent - INFO - The p-value for feature freshness is: 7.491910220179492e-77
2024-11-11 11:47:14,298 - cent.eigen_cent - INFO - The p-value for feature popularity is: 0.7616409806405441
2024-11-11 11:47:20,513 - cent.eigen_cent - INFO - The p-value for feature speed is: 0.28466092842418783
2024-11-11 11:47:26,228 - cent.eigen_cent - INFO - The p-value for feature severity is: 0.3768375159132057
2024-11-11 11:47:34,962 - cent.eigen_cent - INFO - The p-value for feature popularity is: 0.7311769450866059
2024-11-11 11:47:43,651 - cent.eigen_cent - INFO - The p-value for feature speed is: 0.22556808068670794
2024-11-11 11:47:52,627 - cent.eigen_cent - INFO - The p-value for feature severity is: 0.31683819497685406
2024-11-11 11:47:52,628 - cent.eigen_cent - WARNING - No significant features found for addition.
2024-11-11 11:47:58,668 - cent.eigen_cent - INFO - Left important features after correlation analyis are: []
2024-11-11 11:47:58,836 - cent.eigen_cent - INFO - Left important features after step-wise regression are: []
2024-11-11 12:40:00,234 - cent.eigen_cent - INFO - The p-value for feature freshness is: 7.491910220179492e-77
2024-11-11 12:40:06,646 - cent.eigen_cent - INFO - The p-value for feature popularity is: 0.7616409806405441
2024-11-11 12:40:12,797 - cent.eigen_cent - INFO - The p-value for feature speed is: 0.28466092842418783
2024-11-11 12:40:18,506 - cent.eigen_cent - INFO - The p-value for feature severity is: 0.3768375159132057
2024-11-11 12:40:27,071 - cent.eigen_cent - INFO - The p-value for feature popularity is: 0.7311769450866059
2024-11-11 12:40:35,350 - cent.eigen_cent - INFO - The p-value for feature speed is: 0.22556808068670794
2024-11-11 12:40:43,887 - cent.eigen_cent - INFO - The p-value for feature severity is: 0.31683819497685406
2024-11-11 12:40:43,888 - cent.eigen_cent - WARNING - No significant features found for addition.
2024-11-11 12:40:49,725 - cent.eigen_cent - INFO - Left important features after correlation analyis are: []
2024-11-11 12:40:49,889 - cent.eigen_cent - INFO - Left important features after step-wise regression are: []
2024-11-11 15:30:31,242 - cent.eigen_cent - INFO - Left important features after correlation analyis are: []
2024-11-11 15:30:31,414 - cent.eigen_cent - INFO - Left important features after step-wise regression are: []
2024-11-11 15:47:47,371 - cent.eigen_cent - INFO - Left important features after correlation analyis are: []
2024-11-11 15:47:47,492 - cent.eigen_cent - INFO - Left important features after step-wise regression are: []
2024-11-11 17:33:41,116 - cent.eigen_cent - WARNING - No significant features found for addition.
2024-11-11 17:33:41,117 - cent.eigen_cent - INFO - Left important features after correlation analyis are: []
2024-11-11 17:33:41,118 - cent.eigen_cent - INFO - Left important features after step-wise regression are: []
2024-11-11 17:57:14,661 - cent.eigen_cent - WARNING - No significant features found for addition.
2024-11-11 17:57:14,662 - cent.eigen_cent - INFO - Left important features after correlation analyis are: []
2024-11-11 17:57:14,662 - cent.eigen_cent - INFO - Left important features after step-wise regression are: []
2024-11-12 09:29:29,030 - cent.eigen_cent - INFO - The p-value for feature freshness is: nan
2024-11-12 09:29:30,410 - cent.eigen_cent - INFO - The p-value for feature popularity is: nan
2024-11-12 09:29:31,892 - cent.eigen_cent - INFO - The p-value for feature speed is: nan
2024-11-12 09:29:33,284 - cent.eigen_cent - INFO - The p-value for feature severity is: nan
2024-11-12 09:29:33,284 - cent.eigen_cent - WARNING - No significant features found for addition.
2024-11-12 09:29:34,776 - cent.eigen_cent - INFO - Left important features after correlation analyis are: []
2024-11-12 09:29:34,821 - cent.eigen_cent - INFO - Left important features after step-wise regression are: []
2024-11-12 10:02:02,546 - cent.eigen_cent - INFO - The p-value for feature freshness is: nan
2024-11-12 10:02:03,806 - cent.eigen_cent - INFO - The p-value for feature popularity is: nan
2024-11-12 10:02:05,268 - cent.eigen_cent - INFO - The p-value for feature speed is: nan
2024-11-12 10:02:06,658 - cent.eigen_cent - INFO - The p-value for feature severity is: nan
2024-11-12 10:02:06,658 - cent.eigen_cent - WARNING - No significant features found for addition.
2024-11-12 10:02:08,082 - cent.eigen_cent - INFO - Left important features after correlation analyis are: []
2024-11-12 10:02:08,125 - cent.eigen_cent - INFO - Left important features after step-wise regression are: []
2024-11-12 14:07:55,810 - cent.eigen_cent - INFO - The p-value for feature freshness is: nan
2024-11-12 14:07:55,878 - cent.eigen_cent - INFO - The p-value for feature popularity is: nan
2024-11-12 14:07:55,945 - cent.eigen_cent - INFO - The p-value for feature speed is: nan
2024-11-12 14:07:56,011 - cent.eigen_cent - INFO - The p-value for feature severity is: nan
2024-11-12 14:07:56,011 - cent.eigen_cent - WARNING - No significant features found for addition.
2024-11-12 14:07:56,122 - cent.eigen_cent - INFO - Left important features after correlation analyis are: []
2024-11-12 14:07:56,124 - cent.eigen_cent - INFO - Left important features after step-wise regression are: []
2024-11-13 13:34:56,737 - cent.eigen_cent - INFO - The p-value for feature freshness is: nan
2024-11-13 13:34:58,034 - cent.eigen_cent - INFO - The p-value for feature popularity is: nan
2024-11-13 13:34:59,482 - cent.eigen_cent - INFO - The p-value for feature speed is: nan
2024-11-13 13:35:00,859 - cent.eigen_cent - INFO - The p-value for feature severity is: nan
2024-11-13 13:35:00,859 - cent.eigen_cent - WARNING - No significant features found for addition.
2024-11-13 13:35:02,347 - cent.eigen_cent - INFO - Left important features after correlation analyis are: []
2024-11-13 13:35:02,395 - cent.eigen_cent - INFO - Left important features after step-wise regression are: []
2024-11-13 14:14:45,437 - cent.eigen_cent - INFO - The p-value for feature freshness is: nan
2024-11-13 14:14:46,789 - cent.eigen_cent - INFO - The p-value for feature popularity is: nan
2024-11-13 14:14:48,135 - cent.eigen_cent - INFO - The p-value for feature speed is: nan
2024-11-13 14:14:49,369 - cent.eigen_cent - INFO - The p-value for feature severity is: nan
2024-11-13 14:14:49,369 - cent.eigen_cent - WARNING - No significant features found for addition.
2024-11-13 14:14:50,792 - cent.eigen_cent - INFO - Left important features after correlation analyis are: []
2024-11-13 14:14:50,841 - cent.eigen_cent - INFO - Left important features after step-wise regression are: []
2024-11-13 15:07:35,094 - cent.eigen_cent - INFO - The p-value for feature freshness is: nan
2024-11-13 15:07:36,224 - cent.eigen_cent - INFO - The p-value for feature popularity is: nan
2024-11-13 15:07:37,541 - cent.eigen_cent - INFO - The p-value for feature speed is: nan
2024-11-13 15:07:38,753 - cent.eigen_cent - INFO - The p-value for feature severity is: nan
2024-11-13 15:07:38,753 - cent.eigen_cent - WARNING - No significant features found for addition.
2024-11-13 15:07:40,107 - cent.eigen_cent - INFO - the correlation table is:             freshness  popularity     speed  severity  indegree
freshness    1.000000   -0.009587 -0.033832 -0.027940       NaN
popularity  -0.009587    1.000000 -0.000448 -0.000370       NaN
speed       -0.033832   -0.000448  1.000000 -0.001307       NaN
severity    -0.027940   -0.000370 -0.001307  1.000000       NaN
indegree          NaN         NaN       NaN       NaN       NaN
2024-11-13 15:07:40,107 - cent.eigen_cent - INFO - Left important features after correlation analyis are: []
2024-11-13 15:07:40,155 - cent.eigen_cent - INFO - Left important features after step-wise regression are: []
2024-11-13 16:03:20,309 - cent.eigen_cent - INFO - The p-value for feature freshness is: 0.0
2024-11-13 16:03:23,076 - cent.eigen_cent - INFO - The p-value for feature popularity is: 0.0
2024-11-13 16:03:26,053 - cent.eigen_cent - INFO - The p-value for feature speed is: 0.0
2024-11-13 16:03:28,825 - cent.eigen_cent - INFO - The p-value for feature severity is: 0.0
2024-11-13 16:03:32,906 - cent.eigen_cent - INFO - The p-value for feature popularity is: 0.0
2024-11-13 16:03:37,061 - cent.eigen_cent - INFO - The p-value for feature speed is: 0.0
2024-11-13 16:03:41,292 - cent.eigen_cent - INFO - The p-value for feature severity is: 0.0
2024-11-13 16:03:46,401 - cent.eigen_cent - INFO - The p-value for feature popularity is: 0.0
2024-11-13 16:03:51,700 - cent.eigen_cent - INFO - The p-value for feature speed is: 0.0
2024-11-13 16:03:58,165 - cent.eigen_cent - INFO - The p-value for feature popularity is: 0.0
2024-11-13 16:04:01,296 - cent.eigen_cent - INFO - the correlation table is:             freshness  popularity     speed  severity  indegree
freshness    1.000000   -0.004418 -0.015585 -0.012873  0.524346
popularity  -0.004418    1.000000 -0.000239 -0.000197  0.008038
speed       -0.015585   -0.000239  1.000000 -0.000696 -0.029724
severity    -0.012873   -0.000197 -0.000696  1.000000  0.023421
indegree     0.524346    0.008038 -0.029724  0.023421  1.000000
2024-11-13 16:04:01,296 - cent.eigen_cent - INFO - Left important features after correlation analyis are: ['freshness']
2024-11-13 16:04:04,201 - cent.eigen_cent - INFO - The p-value for feature freshness is: 0.0
2024-11-13 16:04:04,606 - cent.eigen_cent - INFO - Left important features after step-wise regression are: ['freshness']
2024-11-16 10:20:07,531 - cent.eigen_cent - INFO - The p-value for feature freshness is: 0.0
2024-11-16 10:20:09,818 - cent.eigen_cent - INFO - The p-value for feature popularity is: 0.0
2024-11-16 10:20:12,134 - cent.eigen_cent - INFO - The p-value for feature speed is: 0.0
2024-11-16 10:20:14,233 - cent.eigen_cent - INFO - The p-value for feature severity is: 0.0
2024-11-16 10:20:17,655 - cent.eigen_cent - INFO - The p-value for feature popularity is: 0.0
2024-11-16 10:20:21,051 - cent.eigen_cent - INFO - The p-value for feature speed is: 0.0
2024-11-16 10:20:24,679 - cent.eigen_cent - INFO - The p-value for feature severity is: 0.0
2024-11-16 10:20:28,849 - cent.eigen_cent - INFO - The p-value for feature popularity is: 0.0
2024-11-16 10:20:33,309 - cent.eigen_cent - INFO - The p-value for feature speed is: 0.0
2024-11-16 10:20:38,855 - cent.eigen_cent - INFO - The p-value for feature popularity is: 0.0
2024-11-16 10:20:41,610 - cent.eigen_cent - INFO - the correlation table is:             freshness  popularity     speed  severity  indegree
freshness    1.000000   -0.004418 -0.015585 -0.012873  0.524346
popularity  -0.004418    1.000000 -0.000239 -0.000197  0.008038
speed       -0.015585   -0.000239  1.000000 -0.000696 -0.029724
severity    -0.012873   -0.000197 -0.000696  1.000000  0.023421
indegree     0.524346    0.008038 -0.029724  0.023421  1.000000
2024-11-16 10:20:41,610 - cent.eigen_cent - INFO - Left important features after correlation analyis are: ['freshness']
2024-11-16 10:20:44,020 - cent.eigen_cent - INFO - The p-value for feature freshness is: 0.0
2024-11-16 10:20:44,302 - cent.eigen_cent - INFO - Left important features after step-wise regression are: ['freshness']
2024-11-18 11:28:12,908 - cent.eigen_cent - INFO - The p-value for feature freshness is: 0.0
2024-11-18 11:28:15,391 - cent.eigen_cent - INFO - The p-value for feature popularity is: 0.0
2024-11-18 11:28:18,081 - cent.eigen_cent - INFO - The p-value for feature speed is: 0.0
2024-11-18 11:28:20,725 - cent.eigen_cent - INFO - The p-value for feature severity is: 0.0
2024-11-18 11:28:24,724 - cent.eigen_cent - INFO - The p-value for feature popularity is: 0.0
2024-11-18 11:28:28,597 - cent.eigen_cent - INFO - The p-value for feature speed is: 0.0
2024-11-18 11:28:32,599 - cent.eigen_cent - INFO - The p-value for feature severity is: 0.0
2024-11-18 11:28:37,298 - cent.eigen_cent - INFO - The p-value for feature popularity is: 0.0
2024-11-18 11:28:42,246 - cent.eigen_cent - INFO - The p-value for feature speed is: 0.0
2024-11-18 11:28:48,170 - cent.eigen_cent - INFO - The p-value for feature popularity is: 0.0
2024-11-18 11:28:51,229 - cent.eigen_cent - INFO - Correlation values with 'indegree': {'freshness': 0.5243462756865175, 'popularity': 0.008037863243868614, 'speed': 0.029723583264448832, 'severity': 0.02342104505682462}
2024-11-18 11:28:51,229 - cent.eigen_cent - INFO - Normalized attribute weights: {'freshness': 0.8955089912109376, 'popularity': 0.013727529189721178, 'speed': 0.05076366000592022, 'severity': 0.03999981959342108}
2024-11-28 18:43:07,482 - cent.eigen_cent - INFO - The p-value for feature freshness is: nan
2024-11-28 18:43:08,532 - cent.eigen_cent - INFO - The p-value for feature popularity is: nan
2024-11-28 18:43:09,643 - cent.eigen_cent - INFO - The p-value for feature speed is: nan
2024-11-28 18:43:10,721 - cent.eigen_cent - INFO - The p-value for feature severity is: 0.0
2024-11-28 18:43:12,438 - cent.eigen_cent - INFO - The p-value for feature freshness is: nan
2024-11-28 18:43:14,087 - cent.eigen_cent - INFO - The p-value for feature popularity is: nan
2024-11-28 18:43:15,753 - cent.eigen_cent - INFO - The p-value for feature speed is: nan
2024-11-28 18:43:15,753 - cent.eigen_cent - WARNING - No significant features found for addition.
2024-11-28 18:43:17,087 - cent.eigen_cent - INFO - Correlation values with 'indegree': {'freshness': nan, 'popularity': nan, 'speed': nan, 'severity': nan}
2024-11-28 18:43:17,087 - cent.eigen_cent - WARNING - All correlations are zero; defaulting to equal weights.
2024-11-28 18:43:17,087 - cent.eigen_cent - INFO - Normalized attribute weights: {'freshness': 0.25, 'popularity': 0.25, 'speed': 0.25, 'severity': 0.25}
2024-11-28 20:54:00,233 - cent.eigen_cent - INFO - The p-value for feature freshness is: nan
2024-11-28 20:54:01,399 - cent.eigen_cent - INFO - The p-value for feature popularity is: nan
2024-11-28 20:54:02,589 - cent.eigen_cent - INFO - The p-value for feature speed is: nan
2024-11-28 20:54:03,759 - cent.eigen_cent - INFO - The p-value for feature severity is: 0.0
2024-11-28 20:54:05,558 - cent.eigen_cent - INFO - The p-value for feature freshness is: nan
2024-11-28 20:54:07,252 - cent.eigen_cent - INFO - The p-value for feature popularity is: nan
2024-11-28 20:54:08,942 - cent.eigen_cent - INFO - The p-value for feature speed is: nan
2024-11-28 20:54:08,942 - cent.eigen_cent - WARNING - No significant features found for addition.
2024-11-28 20:54:10,354 - cent.eigen_cent - INFO - Correlation values with 'outdegree': {'freshness': nan, 'popularity': nan, 'speed': nan, 'severity': 0.013030264577534095}
2024-11-28 20:54:10,354 - cent.eigen_cent - INFO - Normalized attribute weights: {'freshness': nan, 'popularity': nan, 'speed': nan, 'severity': 1.0}
2024-11-29 15:54:36,480 - cent.eigen_cent - INFO - The p-value for feature freshness is: nan
2024-11-29 15:54:37,596 - cent.eigen_cent - INFO - The p-value for feature popularity is: nan
2024-11-29 15:54:38,739 - cent.eigen_cent - INFO - The p-value for feature speed is: nan
2024-11-29 15:54:39,881 - cent.eigen_cent - INFO - The p-value for feature severity is: 0.0
2024-11-29 15:54:41,686 - cent.eigen_cent - INFO - The p-value for feature freshness is: nan
2024-11-29 15:54:43,304 - cent.eigen_cent - INFO - The p-value for feature popularity is: nan
2024-11-29 15:54:44,872 - cent.eigen_cent - INFO - The p-value for feature speed is: nan
2024-11-29 15:54:44,872 - cent.eigen_cent - WARNING - No significant features found for addition.
2024-11-29 15:54:46,187 - cent.eigen_cent - INFO - Correlation values with 'outdegree': {'freshness': nan, 'popularity': nan, 'speed': nan, 'severity': 0.013030264577534095}
2024-11-29 15:54:46,187 - cent.eigen_cent - INFO - Normalized attribute weights: {'freshness': nan, 'popularity': nan, 'speed': nan, 'severity': 1.0}
2024-11-29 15:57:05,681 - cent.eigen_cent - INFO - The p-value for feature freshness is: nan
2024-11-29 15:57:06,693 - cent.eigen_cent - INFO - The p-value for feature popularity is: nan
2024-11-29 15:57:07,750 - cent.eigen_cent - INFO - The p-value for feature speed is: nan
2024-11-29 15:57:08,801 - cent.eigen_cent - INFO - The p-value for feature severity is: 0.0
2024-11-29 15:57:10,443 - cent.eigen_cent - INFO - The p-value for feature freshness is: nan
2024-11-29 15:57:11,963 - cent.eigen_cent - INFO - The p-value for feature popularity is: nan
2024-11-29 15:57:13,496 - cent.eigen_cent - INFO - The p-value for feature speed is: nan
2024-11-29 15:57:13,496 - cent.eigen_cent - WARNING - No significant features found for addition.
2024-11-29 15:57:14,693 - cent.eigen_cent - INFO - the correlation table is:             freshness  popularity  speed  severity  outdegree
freshness         NaN         NaN    NaN       NaN        NaN
popularity        NaN         NaN    NaN       NaN        NaN
speed             NaN         NaN    NaN       NaN        NaN
severity          NaN         NaN    NaN   1.00000    0.01303
outdegree         NaN         NaN    NaN   0.01303    1.00000
2024-11-29 15:57:14,694 - cent.eigen_cent - INFO - Left important features after correlation analyis are: []
2024-11-29 15:57:14,733 - cent.eigen_cent - INFO - Left important features after step-wise regression are: []
2024-11-29 17:17:22,078 - cent.eigen_cent - INFO - Correlation values with 'outdegree': {'freshness': nan, 'popularity': nan, 'speed': nan, 'severity': 0.013030264577534095}
2024-11-29 17:17:22,078 - cent.eigen_cent - INFO - Normalized attribute weights: {'freshness': nan, 'popularity': nan, 'speed': nan, 'severity': 1.0}
2024-11-30 17:58:59,879 - cent.eigen_cent - INFO - Correlation values with 'outdegree': {'freshness': nan, 'popularity': nan, 'speed': nan, 'severity': 0.00666552977703529}
2024-11-30 17:58:59,879 - cent.eigen_cent - INFO - Normalized attribute weights: {'freshness': nan, 'popularity': nan, 'speed': nan, 'severity': 1.0}
2024-11-30 20:17:54,447 - cent.eigen_cent - INFO - the correlation table is:             freshness  popularity     speed  severity  outdegree
freshness         NaN         NaN       NaN       NaN        NaN
popularity        NaN         NaN       NaN       NaN        NaN
speed             NaN         NaN  1.000000 -0.030188  -0.027096
severity          NaN         NaN -0.030188  1.000000   0.200549
outdegree         NaN         NaN -0.027096  0.200549   1.000000
2024-11-30 20:17:54,448 - cent.eigen_cent - INFO - Left important features after correlation analyis are: ['severity']
2024-11-30 20:17:54,533 - cent.eigen_cent - INFO - The p-value for feature severity is: 0.0
2024-11-30 20:17:54,536 - cent.eigen_cent - INFO - Left important features after step-wise regression are: ['severity']
2024-11-30 20:17:57,507 - cent.eigen_cent - INFO - Correlation values with 'outdegree': {'freshness': nan, 'popularity': nan, 'speed': 0.02709644742932279, 'severity': 0.20054946810133426}
2024-11-30 20:17:57,507 - cent.eigen_cent - INFO - Normalized attribute weights: {'freshness': nan, 'popularity': nan, 'speed': 0.11902891982998795, 'severity': 0.880971080170012}
2024-11-30 22:02:14,347 - cent.eigen_cent - INFO - the correlation table is:                        freshness_missrelease  freshness_outdays  popularity     speed  severity  outdegree
freshness_missrelease                    NaN                NaN         NaN       NaN       NaN        NaN
freshness_outdays                        NaN                NaN         NaN       NaN       NaN        NaN
popularity                               NaN                NaN         NaN       NaN       NaN        NaN
speed                                    NaN                NaN         NaN  1.000000 -0.030188  -0.027096
severity                                 NaN                NaN         NaN -0.030188  1.000000   0.200549
outdegree                                NaN                NaN         NaN -0.027096  0.200549   1.000000
2024-11-30 22:02:14,347 - cent.eigen_cent - INFO - Left important features after correlation analyis are: ['severity']
2024-11-30 22:02:14,401 - cent.eigen_cent - INFO - The p-value for feature severity is: 0.0
2024-11-30 22:02:14,404 - cent.eigen_cent - INFO - Left important features after step-wise regression are: ['severity']
2024-11-30 22:02:17,412 - cent.eigen_cent - INFO - Correlation values with 'outdegree': {'freshness_missrelease': nan, 'freshness_outdays': nan, 'popularity': nan, 'speed': 0.02709644742932279, 'severity': 0.20054946810133426}
2024-11-30 22:02:17,412 - cent.eigen_cent - INFO - Normalized attribute weights: {'freshness_missrelease': nan, 'freshness_outdays': nan, 'popularity': nan, 'speed': 0.11902891982998795, 'severity': 0.880971080170012}
2024-12-01 17:29:40,629 - cent.eigen_cent - INFO - the correlation table is:                        freshness_missrelease  freshness_outdays  popularity     speed  severity  outdegree
freshness_missrelease               1.000000           0.382522   -0.004444 -0.019751  0.002383  -0.013083
freshness_outdays                   0.382522           1.000000   -0.006018 -0.040147  0.066096  -0.026422
popularity                         -0.004444          -0.006018    1.000000 -0.000490  0.001580  -0.000342
speed                              -0.019751          -0.040147   -0.000490  1.000000 -0.001427   0.097103
severity                            0.002383           0.066096    0.001580 -0.001427  1.000000   0.006666
outdegree                          -0.013083          -0.026422   -0.000342  0.097103  0.006666   1.000000
2024-12-01 17:49:45,962 - cent.eigen_cent - INFO - the correlation table is:                        freshness_missrelease  freshness_outdays  popularity     speed  severity  outdegree
freshness_missrelease               1.000000           0.382522   -0.004444 -0.019751  0.002383  -0.013083
freshness_outdays                   0.382522           1.000000   -0.006018 -0.040147  0.066096  -0.026422
popularity                         -0.004444          -0.006018    1.000000 -0.000490  0.001580  -0.000342
speed                              -0.019751          -0.040147   -0.000490  1.000000 -0.001427   0.097103
severity                            0.002383           0.066096    0.001580 -0.001427  1.000000   0.006666
outdegree                          -0.013083          -0.026422   -0.000342  0.097103  0.006666   1.000000
